[0.118s] DEBUG:colcon:Command line arguments: ['/usr/bin/colcon', 'build']
[0.118s] DEBUG:colcon:Parsed command line arguments: Namespace(log_base=None, log_level=None, verb_name='build', build_base='build', install_base='install', merge_install=False, symlink_install=False, test_result_base=None, continue_on_error=False, executor='parallel', parallel_workers=8, event_handlers=None, ignore_user_meta=False, metas=['./colcon.meta'], base_paths=['.'], packages_ignore=None, packages_ignore_regex=None, paths=None, packages_up_to=None, packages_up_to_regex=None, packages_above=None, packages_above_and_dependencies=None, packages_above_depth=None, packages_select_by_dep=None, packages_skip_by_dep=None, packages_skip_up_to=None, packages_select_build_failed=False, packages_skip_build_finished=False, packages_select_test_failures=False, packages_skip_test_passed=False, packages_select=None, packages_skip=None, packages_select_regex=None, packages_skip_regex=None, packages_start=None, packages_end=None, allow_overriding=[], cmake_args=None, cmake_target=None, cmake_target_skip_unavailable=False, cmake_clean_cache=False, cmake_clean_first=False, cmake_force_configure=False, ament_cmake_args=None, catkin_cmake_args=None, catkin_skip_building_tests=False, mixin_files=None, mixin=None, verb_parser=<colcon_mixin.mixin.mixin_argument.MixinArgumentDecorator object at 0x77167f42ca60>, verb_extension=<colcon_core.verb.build.BuildVerb object at 0x77167f534f40>, main=<bound method BuildVerb.main of <colcon_core.verb.build.BuildVerb object at 0x77167f534f40>>, mixin_verb=('build',))
[0.228s] Level 1:colcon.colcon_core.package_discovery:discover_packages(colcon_meta) check parameters
[0.228s] Level 1:colcon.colcon_core.package_discovery:discover_packages(recursive) check parameters
[0.229s] Level 1:colcon.colcon_core.package_discovery:discover_packages(ignore) check parameters
[0.229s] Level 1:colcon.colcon_core.package_discovery:discover_packages(path) check parameters
[0.229s] Level 1:colcon.colcon_core.package_discovery:discover_packages(colcon_meta) discover
[0.229s] Level 1:colcon.colcon_core.package_discovery:discover_packages(recursive) discover
[0.229s] INFO:colcon.colcon_core.package_discovery:Crawling recursively for packages in '/home/fideow/ros2_ws/src/robocon25_sim'
[0.229s] Level 1:colcon.colcon_core.package_identification:_identify(.) by extensions ['ignore', 'ignore_ament_install']
[0.229s] Level 1:colcon.colcon_core.package_identification:_identify(.) by extension 'ignore'
[0.229s] Level 1:colcon.colcon_core.package_identification:_identify(.) by extension 'ignore_ament_install'
[0.229s] Level 1:colcon.colcon_core.package_identification:_identify(.) by extensions ['colcon_pkg']
[0.229s] Level 1:colcon.colcon_core.package_identification:_identify(.) by extension 'colcon_pkg'
[0.229s] Level 1:colcon.colcon_core.package_identification:_identify(.) by extensions ['colcon_meta']
[0.229s] Level 1:colcon.colcon_core.package_identification:_identify(.) by extension 'colcon_meta'
[0.229s] Level 1:colcon.colcon_core.package_identification:_identify(.) by extensions ['ros']
[0.229s] Level 1:colcon.colcon_core.package_identification:_identify(.) by extension 'ros'
[0.241s] DEBUG:colcon.colcon_core.package_identification:Package '.' with type 'ros.ament_cmake' and name 'robocon25_sim'
[0.241s] Level 1:colcon.colcon_core.package_discovery:discover_packages(recursive) using defaults
[0.241s] Level 1:colcon.colcon_core.package_discovery:discover_packages(ignore) discover
[0.241s] Level 1:colcon.colcon_core.package_discovery:discover_packages(ignore) using defaults
[0.241s] Level 1:colcon.colcon_core.package_discovery:discover_packages(path) discover
[0.241s] Level 1:colcon.colcon_core.package_discovery:discover_packages(path) using defaults
[0.257s] Level 1:colcon.colcon_core.package_discovery:discover_packages(prefix_path) check parameters
[0.257s] Level 1:colcon.colcon_core.package_discovery:discover_packages(prefix_path) discover
[0.258s] Level 1:colcon.colcon_core.package_discovery:discover_packages(prefix_path) using defaults
[0.259s] Level 5:colcon.colcon_core.verb:set package 'robocon25_sim' build argument 'cmake_args' from command line to 'None'
[0.259s] Level 5:colcon.colcon_core.verb:set package 'robocon25_sim' build argument 'cmake_target' from command line to 'None'
[0.259s] Level 5:colcon.colcon_core.verb:set package 'robocon25_sim' build argument 'cmake_target_skip_unavailable' from command line to 'False'
[0.259s] Level 5:colcon.colcon_core.verb:set package 'robocon25_sim' build argument 'cmake_clean_cache' from command line to 'False'
[0.259s] Level 5:colcon.colcon_core.verb:set package 'robocon25_sim' build argument 'cmake_clean_first' from command line to 'False'
[0.259s] Level 5:colcon.colcon_core.verb:set package 'robocon25_sim' build argument 'cmake_force_configure' from command line to 'False'
[0.259s] Level 5:colcon.colcon_core.verb:set package 'robocon25_sim' build argument 'ament_cmake_args' from command line to 'None'
[0.259s] Level 5:colcon.colcon_core.verb:set package 'robocon25_sim' build argument 'catkin_cmake_args' from command line to 'None'
[0.259s] Level 5:colcon.colcon_core.verb:set package 'robocon25_sim' build argument 'catkin_skip_building_tests' from command line to 'False'
[0.259s] DEBUG:colcon.colcon_core.verb:Building package 'robocon25_sim' with the following arguments: {'ament_cmake_args': None, 'build_base': '/home/fideow/ros2_ws/src/robocon25_sim/build/robocon25_sim', 'catkin_cmake_args': None, 'catkin_skip_building_tests': False, 'cmake_args': None, 'cmake_clean_cache': False, 'cmake_clean_first': False, 'cmake_force_configure': False, 'cmake_target': None, 'cmake_target_skip_unavailable': False, 'install_base': '/home/fideow/ros2_ws/src/robocon25_sim/install/robocon25_sim', 'merge_install': False, 'path': '/home/fideow/ros2_ws/src/robocon25_sim', 'symlink_install': False, 'test_result_base': None}
[0.259s] INFO:colcon.colcon_core.executor:Executing jobs using 'parallel' executor
[0.260s] DEBUG:colcon.colcon_parallel_executor.executor.parallel:run_until_complete
[0.260s] INFO:colcon.colcon_ros.task.ament_cmake.build:Building ROS package in '/home/fideow/ros2_ws/src/robocon25_sim' with build type 'ament_cmake'
[0.260s] INFO:colcon.colcon_cmake.task.cmake.build:Building CMake package in '/home/fideow/ros2_ws/src/robocon25_sim'
[0.263s] INFO:colcon.colcon_core.plugin_system:Skipping extension 'colcon_core.shell.bat': Not used on non-Windows systems
[0.263s] INFO:colcon.colcon_core.shell:Skip shell extension 'powershell' for command environment: Not usable outside of PowerShell
[0.263s] DEBUG:colcon.colcon_core.shell:Skip shell extension 'dsv' for command environment
[0.267s] DEBUG:colcon.colcon_core.event_handler.log_command:Invoking command in '/home/fideow/ros2_ws/src/robocon25_sim/build/robocon25_sim': /usr/bin/cmake /home/fideow/ros2_ws/src/robocon25_sim -DCMAKE_INSTALL_PREFIX=/home/fideow/ros2_ws/src/robocon25_sim/install/robocon25_sim
[0.592s] DEBUG:colcon.colcon_core.event_handler.log_command:Invoked command in '/home/fideow/ros2_ws/src/robocon25_sim/build/robocon25_sim' returned '1': /usr/bin/cmake /home/fideow/ros2_ws/src/robocon25_sim -DCMAKE_INSTALL_PREFIX=/home/fideow/ros2_ws/src/robocon25_sim/install/robocon25_sim
[0.601s] Level 1:colcon.colcon_core.environment:create_environment_scripts_only(robocon25_sim)
[0.605s] Level 1:colcon.colcon_core.environment:checking '/home/fideow/ros2_ws/src/robocon25_sim/install/robocon25_sim' for CMake module files
[0.605s] Level 1:colcon.colcon_core.environment:checking '/home/fideow/ros2_ws/src/robocon25_sim/install/robocon25_sim' for CMake config files
[0.605s] Level 1:colcon.colcon_core.environment:checking '/home/fideow/ros2_ws/src/robocon25_sim/install/robocon25_sim/bin'
[0.605s] Level 1:colcon.colcon_core.environment:checking '/home/fideow/ros2_ws/src/robocon25_sim/install/robocon25_sim/lib/pkgconfig/robocon25_sim.pc'
[0.607s] Level 1:colcon.colcon_core.environment:checking '/home/fideow/ros2_ws/src/robocon25_sim/install/robocon25_sim/lib/python3.10/site-packages'
[0.607s] Level 1:colcon.colcon_core.environment:checking '/home/fideow/ros2_ws/src/robocon25_sim/install/robocon25_sim/bin'
[0.607s] INFO:colcon.colcon_core.shell:Creating package script '/home/fideow/ros2_ws/src/robocon25_sim/install/robocon25_sim/share/robocon25_sim/package.ps1'
[0.607s] INFO:colcon.colcon_core.shell:Creating package descriptor '/home/fideow/ros2_ws/src/robocon25_sim/install/robocon25_sim/share/robocon25_sim/package.dsv'
[0.608s] INFO:colcon.colcon_core.shell:Creating package script '/home/fideow/ros2_ws/src/robocon25_sim/install/robocon25_sim/share/robocon25_sim/package.sh'
[0.608s] INFO:colcon.colcon_core.shell:Creating package script '/home/fideow/ros2_ws/src/robocon25_sim/install/robocon25_sim/share/robocon25_sim/package.bash'
[0.609s] INFO:colcon.colcon_core.shell:Creating package script '/home/fideow/ros2_ws/src/robocon25_sim/install/robocon25_sim/share/robocon25_sim/package.zsh'
[0.609s] Level 1:colcon.colcon_core.environment:create_file_with_runtime_dependencies(/home/fideow/ros2_ws/src/robocon25_sim/install/robocon25_sim/share/colcon-core/packages/robocon25_sim)
[0.620s] DEBUG:colcon.colcon_parallel_executor.executor.parallel:closing loop
[0.620s] DEBUG:colcon.colcon_parallel_executor.executor.parallel:loop closed
[0.620s] DEBUG:colcon.colcon_parallel_executor.executor.parallel:run_until_complete finished with '1'
[0.620s] DEBUG:colcon.colcon_core.event_reactor:joining thread
[0.625s] INFO:colcon.colcon_core.plugin_system:Skipping extension 'colcon_notification.desktop_notification.terminal_notifier': Not used on non-Darwin systems
[0.625s] INFO:colcon.colcon_core.plugin_system:Skipping extension 'colcon_notification.desktop_notification.win32': Not used on non-Windows systems
[0.625s] INFO:colcon.colcon_notification.desktop_notification:Sending desktop notification using 'notify2'
[0.639s] DEBUG:colcon.colcon_core.event_reactor:joined thread
[0.640s] INFO:colcon.colcon_core.shell:Creating prefix script '/home/fideow/ros2_ws/src/robocon25_sim/install/local_setup.ps1'
[0.640s] INFO:colcon.colcon_core.shell:Creating prefix util module '/home/fideow/ros2_ws/src/robocon25_sim/install/_local_setup_util_ps1.py'
[0.642s] INFO:colcon.colcon_core.shell:Creating prefix chain script '/home/fideow/ros2_ws/src/robocon25_sim/install/setup.ps1'
[0.642s] INFO:colcon.colcon_core.shell:Creating prefix script '/home/fideow/ros2_ws/src/robocon25_sim/install/local_setup.sh'
[0.643s] INFO:colcon.colcon_core.shell:Creating prefix util module '/home/fideow/ros2_ws/src/robocon25_sim/install/_local_setup_util_sh.py'
[0.643s] INFO:colcon.colcon_core.shell:Creating prefix chain script '/home/fideow/ros2_ws/src/robocon25_sim/install/setup.sh'
[0.644s] INFO:colcon.colcon_core.shell:Creating prefix script '/home/fideow/ros2_ws/src/robocon25_sim/install/local_setup.bash'
[0.645s] INFO:colcon.colcon_core.shell:Creating prefix chain script '/home/fideow/ros2_ws/src/robocon25_sim/install/setup.bash'
[0.645s] INFO:colcon.colcon_core.shell:Creating prefix script '/home/fideow/ros2_ws/src/robocon25_sim/install/local_setup.zsh'
[0.646s] INFO:colcon.colcon_core.shell:Creating prefix chain script '/home/fideow/ros2_ws/src/robocon25_sim/install/setup.zsh'
