[0.064s] DEBUG:colcon:Command line arguments: ['/usr/bin/colcon', 'build', '--packages-select', 'robocon25']
[0.064s] DEBUG:colcon:Parsed command line arguments: Namespace(log_base=None, log_level=None, verb_name='build', build_base='build', install_base='install', merge_install=False, symlink_install=False, test_result_base=None, continue_on_error=False, executor='parallel', parallel_workers=8, event_handlers=None, ignore_user_meta=False, metas=['./colcon.meta'], base_paths=['.'], packages_ignore=None, packages_ignore_regex=None, paths=None, packages_up_to=None, packages_up_to_regex=None, packages_above=None, packages_above_and_dependencies=None, packages_above_depth=None, packages_select_by_dep=None, packages_skip_by_dep=None, packages_skip_up_to=None, packages_select_build_failed=False, packages_skip_build_finished=False, packages_select_test_failures=False, packages_skip_test_passed=False, packages_select=['robocon25'], packages_skip=None, packages_select_regex=None, packages_skip_regex=None, packages_start=None, packages_end=None, allow_overriding=[], cmake_args=None, cmake_target=None, cmake_target_skip_unavailable=False, cmake_clean_cache=False, cmake_clean_first=False, cmake_force_configure=False, ament_cmake_args=None, catkin_cmake_args=None, catkin_skip_building_tests=False, mixin_files=None, mixin=None, verb_parser=<colcon_mixin.mixin.mixin_argument.MixinArgumentDecorator object at 0x75ac22f214e0>, verb_extension=<colcon_core.verb.build.BuildVerb object at 0x75ac2306a470>, main=<bound method BuildVerb.main of <colcon_core.verb.build.BuildVerb object at 0x75ac2306a470>>, mixin_verb=('build',))
[0.162s] Level 1:colcon.colcon_core.package_discovery:discover_packages(colcon_meta) check parameters
[0.162s] Level 1:colcon.colcon_core.package_discovery:discover_packages(recursive) check parameters
[0.162s] Level 1:colcon.colcon_core.package_discovery:discover_packages(ignore) check parameters
[0.162s] Level 1:colcon.colcon_core.package_discovery:discover_packages(path) check parameters
[0.162s] Level 1:colcon.colcon_core.package_discovery:discover_packages(colcon_meta) discover
[0.162s] Level 1:colcon.colcon_core.package_discovery:discover_packages(recursive) discover
[0.162s] INFO:colcon.colcon_core.package_discovery:Crawling recursively for packages in '/home/fideow/ros2_ws/src/robocon2025'
[0.162s] Level 1:colcon.colcon_core.package_identification:_identify(.) by extensions ['ignore', 'ignore_ament_install']
[0.162s] Level 1:colcon.colcon_core.package_identification:_identify(.) by extension 'ignore'
[0.162s] Level 1:colcon.colcon_core.package_identification:_identify(.) by extension 'ignore_ament_install'
[0.162s] Level 1:colcon.colcon_core.package_identification:_identify(.) by extensions ['colcon_pkg']
[0.162s] Level 1:colcon.colcon_core.package_identification:_identify(.) by extension 'colcon_pkg'
[0.162s] Level 1:colcon.colcon_core.package_identification:_identify(.) by extensions ['colcon_meta']
[0.162s] Level 1:colcon.colcon_core.package_identification:_identify(.) by extension 'colcon_meta'
[0.162s] Level 1:colcon.colcon_core.package_identification:_identify(.) by extensions ['ros']
[0.162s] Level 1:colcon.colcon_core.package_identification:_identify(.) by extension 'ros'
[0.174s] DEBUG:colcon.colcon_core.package_identification:Package '.' with type 'ros.ament_cmake' and name 'robocon25_sim'
[0.174s] Level 1:colcon.colcon_core.package_discovery:discover_packages(recursive) using defaults
[0.174s] Level 1:colcon.colcon_core.package_discovery:discover_packages(ignore) discover
[0.174s] Level 1:colcon.colcon_core.package_discovery:discover_packages(ignore) using defaults
[0.174s] Level 1:colcon.colcon_core.package_discovery:discover_packages(path) discover
[0.174s] Level 1:colcon.colcon_core.package_discovery:discover_packages(path) using defaults
[0.174s] WARNING:colcon.colcon_core.package_selection:ignoring unknown package 'robocon25' in --packages-select
[0.199s] INFO:colcon.colcon_core.package_selection:Skipping not selected package 'robocon25_sim' in '.'
[0.199s] Level 1:colcon.colcon_core.package_discovery:discover_packages(prefix_path) check parameters
[0.199s] Level 1:colcon.colcon_core.package_discovery:discover_packages(prefix_path) discover
[0.200s] DEBUG:colcon.colcon_installed_package_information.package_discovery:Found 1 installed packages in /home/fideow/ros2_ws/install
[0.201s] DEBUG:colcon.colcon_installed_package_information.package_discovery:Found 302 installed packages in /opt/ros/humble
[0.202s] Level 1:colcon.colcon_core.package_discovery:discover_packages(prefix_path) using defaults
[0.224s] INFO:colcon.colcon_core.executor:Executing jobs using 'parallel' executor
[0.225s] DEBUG:colcon.colcon_parallel_executor.executor.parallel:run_until_complete
[0.225s] DEBUG:colcon.colcon_parallel_executor.executor.parallel:closing loop
[0.225s] DEBUG:colcon.colcon_parallel_executor.executor.parallel:loop closed
[0.225s] DEBUG:colcon.colcon_parallel_executor.executor.parallel:run_until_complete finished with '0'
[0.225s] DEBUG:colcon.colcon_core.event_reactor:joining thread
[0.228s] INFO:colcon.colcon_core.plugin_system:Skipping extension 'colcon_notification.desktop_notification.terminal_notifier': Not used on non-Darwin systems
[0.228s] INFO:colcon.colcon_core.plugin_system:Skipping extension 'colcon_notification.desktop_notification.win32': Not used on non-Windows systems
[0.228s] INFO:colcon.colcon_notification.desktop_notification:Sending desktop notification using 'notify2'
[0.236s] DEBUG:colcon.colcon_core.event_reactor:joined thread
[0.237s] INFO:colcon.colcon_core.plugin_system:Skipping extension 'colcon_core.shell.bat': Not used on non-Windows systems
[0.237s] INFO:colcon.colcon_core.shell:Creating prefix script '/home/fideow/ros2_ws/src/robocon2025/install/local_setup.ps1'
[0.238s] INFO:colcon.colcon_core.shell:Creating prefix util module '/home/fideow/ros2_ws/src/robocon2025/install/_local_setup_util_ps1.py'
[0.239s] INFO:colcon.colcon_core.shell:Creating prefix chain script '/home/fideow/ros2_ws/src/robocon2025/install/setup.ps1'
[0.239s] INFO:colcon.colcon_core.shell:Creating prefix script '/home/fideow/ros2_ws/src/robocon2025/install/local_setup.sh'
[0.240s] INFO:colcon.colcon_core.shell:Creating prefix util module '/home/fideow/ros2_ws/src/robocon2025/install/_local_setup_util_sh.py'
[0.240s] INFO:colcon.colcon_core.shell:Creating prefix chain script '/home/fideow/ros2_ws/src/robocon2025/install/setup.sh'
[0.241s] INFO:colcon.colcon_core.shell:Creating prefix script '/home/fideow/ros2_ws/src/robocon2025/install/local_setup.bash'
[0.241s] INFO:colcon.colcon_core.shell:Creating prefix chain script '/home/fideow/ros2_ws/src/robocon2025/install/setup.bash'
[0.241s] INFO:colcon.colcon_core.shell:Creating prefix script '/home/fideow/ros2_ws/src/robocon2025/install/local_setup.zsh'
[0.242s] INFO:colcon.colcon_core.shell:Creating prefix chain script '/home/fideow/ros2_ws/src/robocon2025/install/setup.zsh'
